app/build/intermediates/manifest_merge_blame_file/debug/processDebugMainManifest/manifest-merger-blame-debug-report.txt
1<?xml version="1.0" encoding="utf-8"?>
2<manifest xmlns:android="http://schemas.android.com/apk/res/android"
3    package="com.example.myempty.protask"
4    android:versionCode="1"
5    android:versionName="1.0" >
6
7    <uses-sdk
8        android:minSdkVersion="24"
9        android:targetSdkVersion="34" />
10
11    <uses-permission android:name="android.permission.INTERNET" />
11-->src/main/AndroidManifest.xml:3:5-67
11-->src/main/AndroidManifest.xml:3:22-64
12    <uses-permission android:name="android.permission.FOREGROUND_SERVICE_DATA_SYNC" />
12-->src/main/AndroidManifest.xml:4:5-5:74
12-->src/main/AndroidManifest.xml:5:9-71
13    <uses-permission android:name="android.permission.VIBRATE" />
13-->src/main/AndroidManifest.xml:6:5-66
13-->src/main/AndroidManifest.xml:6:22-63
14    <uses-permission android:name="android.permission.ACCESS_NETWORK_STATE" />
14-->[com.unity3d.ads:unity-ads:4.12.5] AndroidManifest.xml:8:5-79
14-->[com.unity3d.ads:unity-ads:4.12.5] AndroidManifest.xml:8:22-76
15    <uses-permission android:name="com.google.android.gms.permission.AD_ID" />
15-->[com.unity3d.ads:unity-ads:4.12.5] AndroidManifest.xml:10:5-79
15-->[com.unity3d.ads:unity-ads:4.12.5] AndroidManifest.xml:10:22-76
16    <uses-permission android:name="android.permission.ACCESS_ADSERVICES_TOPICS" />
16-->[com.unity3d.ads:unity-ads:4.12.5] AndroidManifest.xml:11:5-83
16-->[com.unity3d.ads:unity-ads:4.12.5] AndroidManifest.xml:11:22-80
17    <uses-permission android:name="android.permission.ACCESS_ADSERVICES_ATTRIBUTION" />
17-->[com.unity3d.ads:unity-ads:4.12.5] AndroidManifest.xml:12:5-88
17-->[com.unity3d.ads:unity-ads:4.12.5] AndroidManifest.xml:12:22-85
18    <uses-permission android:name="com.google.android.providers.gsf.permission.READ_GSERVICES" />
18-->[com.google.android.recaptcha:recaptcha:18.6.1] AndroidManifest.xml:9:5-98
18-->[com.google.android.recaptcha:recaptcha:18.6.1] AndroidManifest.xml:9:22-95
19    <uses-permission android:name="android.permission.ACCESS_ADSERVICES_AD_ID" /> <!-- Android package visibility setting -->
19-->[com.google.android.gms:play-services-ads-lite:23.0.0] AndroidManifest.xml:27:5-82
19-->[com.google.android.gms:play-services-ads-lite:23.0.0] AndroidManifest.xml:27:22-79
20    <queries>
20-->[com.google.android.gms:play-services-ads-lite:23.0.0] AndroidManifest.xml:35:5-51:15
21
22        <!-- For browser content -->
23        <intent>
23-->[com.google.android.gms:play-services-ads-lite:23.0.0] AndroidManifest.xml:38:9-44:18
24            <action android:name="android.intent.action.VIEW" />
24-->[com.google.firebase:firebase-auth:24.0.1] AndroidManifest.xml:36:17-69
24-->[com.google.firebase:firebase-auth:24.0.1] AndroidManifest.xml:36:25-66
25
26            <category android:name="android.intent.category.BROWSABLE" />
26-->[com.google.firebase:firebase-auth:24.0.1] AndroidManifest.xml:39:17-78
26-->[com.google.firebase:firebase-auth:24.0.1] AndroidManifest.xml:39:27-75
27
28            <data android:scheme="https" />
28-->[com.google.firebase:firebase-auth:24.0.1] AndroidManifest.xml:41:17-44:51
28-->[com.google.firebase:firebase-auth:24.0.1] AndroidManifest.xml:44:21-48
29        </intent>
30        <!-- End of browser content -->
31        <!-- For CustomTabsService -->
32        <intent>
32-->[com.google.android.gms:play-services-ads-lite:23.0.0] AndroidManifest.xml:47:9-49:18
33            <action android:name="android.support.customtabs.action.CustomTabsService" />
33-->[com.google.android.gms:play-services-ads-lite:23.0.0] AndroidManifest.xml:48:13-90
33-->[com.google.android.gms:play-services-ads-lite:23.0.0] AndroidManifest.xml:48:21-87
34        </intent>
35        <!-- End of CustomTabsService -->
36    </queries>
37
38    <uses-permission android:name="android.permission.WAKE_LOCK" />
38-->[androidx.work:work-runtime:2.7.0] AndroidManifest.xml:25:5-68
38-->[androidx.work:work-runtime:2.7.0] AndroidManifest.xml:25:22-65
39    <uses-permission android:name="android.permission.FOREGROUND_SERVICE" />
39-->[androidx.work:work-runtime:2.7.0] AndroidManifest.xml:28:5-77
39-->[androidx.work:work-runtime:2.7.0] AndroidManifest.xml:28:22-74
40
41    <permission
41-->[androidx.core:core:1.17.0] AndroidManifest.xml:22:5-24:47
42        android:name="com.example.myempty.protask.DYNAMIC_RECEIVER_NOT_EXPORTED_PERMISSION"
42-->[androidx.core:core:1.17.0] AndroidManifest.xml:23:9-81
43        android:protectionLevel="signature" />
43-->[androidx.core:core:1.17.0] AndroidManifest.xml:24:9-44
44
45    <uses-permission android:name="com.example.myempty.protask.DYNAMIC_RECEIVER_NOT_EXPORTED_PERMISSION" />
45-->[androidx.core:core:1.17.0] AndroidManifest.xml:26:5-97
45-->[androidx.core:core:1.17.0] AndroidManifest.xml:26:22-94
46
47    <application
47-->src/main/AndroidManifest.xml:7:5-40:19
48        android:name="com.example.myempty.protask.ProTaskApp"
48-->src/main/AndroidManifest.xml:8:9-35
49        android:allowBackup="true"
49-->src/main/AndroidManifest.xml:9:9-35
50        android:appComponentFactory="androidx.core.app.CoreComponentFactory"
50-->[androidx.core:core:1.17.0] AndroidManifest.xml:28:18-86
51        android:debuggable="true"
52        android:extractNativeLibs="false"
53        android:icon="@mipmap/ic_launcher"
53-->src/main/AndroidManifest.xml:10:9-43
54        android:label="@string/app_name"
54-->src/main/AndroidManifest.xml:11:9-41
55        android:roundIcon="@mipmap/ic_launcher_round"
55-->src/main/AndroidManifest.xml:12:9-54
56        android:supportsRtl="true"
56-->src/main/AndroidManifest.xml:13:9-35
57        android:theme="@style/AppTheme" >
57-->src/main/AndroidManifest.xml:14:9-40
58        <activity
58-->src/main/AndroidManifest.xml:15:9-23:20
59            android:name="com.example.myempty.protask.SplashActivity"
59-->src/main/AndroidManifest.xml:16:13-43
60            android:exported="true"
60-->src/main/AndroidManifest.xml:17:13-36
61            android:theme="@style/AppTheme" >
61-->src/main/AndroidManifest.xml:18:13-44
62            <intent-filter>
62-->src/main/AndroidManifest.xml:19:13-22:29
63                <action android:name="android.intent.action.MAIN" />
63-->src/main/AndroidManifest.xml:20:17-69
63-->src/main/AndroidManifest.xml:20:25-66
64
65                <category android:name="android.intent.category.LAUNCHER" />
65-->src/main/AndroidManifest.xml:21:17-77
65-->src/main/AndroidManifest.xml:21:27-74
66            </intent-filter>
67        </activity>
68        <activity android:name="com.example.myempty.protask.LoginActivity" />
68-->src/main/AndroidManifest.xml:24:9-51
68-->src/main/AndroidManifest.xml:24:19-48
69        <activity android:name="com.example.myempty.protask.ReferEarnActivity" />
69-->src/main/AndroidManifest.xml:25:9-55
69-->src/main/AndroidManifest.xml:25:19-52
70        <activity android:name="com.example.myempty.protask.SettingsActivity" />
70-->src/main/AndroidManifest.xml:26:9-54
70-->src/main/AndroidManifest.xml:26:19-51
71        <activity android:name="com.example.myempty.protask.WithdrawActivity" />
71-->src/main/AndroidManifest.xml:27:9-54
71-->src/main/AndroidManifest.xml:27:19-51
72        <activity android:name="com.example.myempty.protask.WalletActivity" />
72-->src/main/AndroidManifest.xml:28:9-52
72-->src/main/AndroidManifest.xml:28:19-49
73        <activity android:name="com.example.myempty.protask.ProfileActivity" />
73-->src/main/AndroidManifest.xml:29:9-53
73-->src/main/AndroidManifest.xml:29:19-50
74        <activity android:name="com.example.myempty.protask.DailyBonusActivity" />
74-->src/main/AndroidManifest.xml:30:9-56
74-->src/main/AndroidManifest.xml:30:19-53
75        <activity android:name="com.example.myempty.protask.WatchAdsActivity" />
75-->src/main/AndroidManifest.xml:31:9-54
75-->src/main/AndroidManifest.xml:31:19-51
76        <activity android:name="com.example.myempty.protask.SpinWheelActivity" />
76-->src/main/AndroidManifest.xml:32:9-55
76-->src/main/AndroidManifest.xml:32:19-52
77        <activity android:name="com.example.myempty.protask.CaptchaActivity" />
77-->src/main/AndroidManifest.xml:33:9-53
77-->src/main/AndroidManifest.xml:33:19-50
78        <activity android:name="com.example.myempty.protask.MainActivity" />
78-->src/main/AndroidManifest.xml:34:9-50
78-->src/main/AndroidManifest.xml:34:19-47
79
80        <!-- Sample AdMob App ID: ca-app-pub-3940256099942544~3347511713 -->
81        <meta-data
81-->src/main/AndroidManifest.xml:37:9-39:69
82            android:name="com.google.android.gms.ads.APPLICATION_ID"
82-->src/main/AndroidManifest.xml:38:13-69
83            android:value="ca-app-pub-3940256099942544~3347511713" />
83-->src/main/AndroidManifest.xml:39:13-67
84
85        <activity
85-->[com.unity3d.ads:unity-ads:4.12.5] AndroidManifest.xml:15:9-20:74
86            android:name="com.unity3d.services.ads.adunit.AdUnitActivity"
86-->[com.unity3d.ads:unity-ads:4.12.5] AndroidManifest.xml:16:13-74
87            android:configChanges="fontScale|keyboard|keyboardHidden|locale|mnc|mcc|navigation|orientation|screenLayout|screenSize|smallestScreenSize|uiMode|touchscreen"
87-->[com.unity3d.ads:unity-ads:4.12.5] AndroidManifest.xml:17:13-170
88            android:exported="false"
88-->[com.unity3d.ads:unity-ads:4.12.5] AndroidManifest.xml:18:13-37
89            android:hardwareAccelerated="true"
89-->[com.unity3d.ads:unity-ads:4.12.5] AndroidManifest.xml:19:13-47
90            android:theme="@android:style/Theme.NoTitleBar.Fullscreen" />
90-->[com.unity3d.ads:unity-ads:4.12.5] AndroidManifest.xml:20:13-71
91        <activity
91-->[com.unity3d.ads:unity-ads:4.12.5] AndroidManifest.xml:21:9-26:86
92            android:name="com.unity3d.services.ads.adunit.AdUnitTransparentActivity"
92-->[com.unity3d.ads:unity-ads:4.12.5] AndroidManifest.xml:22:13-85
93            android:configChanges="fontScale|keyboard|keyboardHidden|locale|mnc|mcc|navigation|orientation|screenLayout|screenSize|smallestScreenSize|uiMode|touchscreen"
93-->[com.unity3d.ads:unity-ads:4.12.5] AndroidManifest.xml:23:13-170
94            android:exported="false"
94-->[com.unity3d.ads:unity-ads:4.12.5] AndroidManifest.xml:24:13-37
95            android:hardwareAccelerated="true"
95-->[com.unity3d.ads:unity-ads:4.12.5] AndroidManifest.xml:25:13-47
96            android:theme="@android:style/Theme.Translucent.NoTitleBar.Fullscreen" />
96-->[com.unity3d.ads:unity-ads:4.12.5] AndroidManifest.xml:26:13-83
97        <activity
97-->[com.unity3d.ads:unity-ads:4.12.5] AndroidManifest.xml:27:9-32:86
98            android:name="com.unity3d.services.ads.adunit.AdUnitTransparentSoftwareActivity"
98-->[com.unity3d.ads:unity-ads:4.12.5] AndroidManifest.xml:28:13-93
99            android:configChanges="fontScale|keyboard|keyboardHidden|locale|mnc|mcc|navigation|orientation|screenLayout|screenSize|smallestScreenSize|uiMode|touchscreen"
99-->[com.unity3d.ads:unity-ads:4.12.5] AndroidManifest.xml:29:13-170
100            android:exported="false"
100-->[com.unity3d.ads:unity-ads:4.12.5] AndroidManifest.xml:30:13-37
101            android:hardwareAccelerated="false"
101-->[com.unity3d.ads:unity-ads:4.12.5] AndroidManifest.xml:31:13-48
102            android:theme="@android:style/Theme.Translucent.NoTitleBar.Fullscreen" />
102-->[com.unity3d.ads:unity-ads:4.12.5] AndroidManifest.xml:32:13-83
103        <activity
103-->[com.unity3d.ads:unity-ads:4.12.5] AndroidManifest.xml:33:9-38:74
104            android:name="com.unity3d.services.ads.adunit.AdUnitSoftwareActivity"
104-->[com.unity3d.ads:unity-ads:4.12.5] AndroidManifest.xml:34:13-82
105            android:configChanges="fontScale|keyboard|keyboardHidden|locale|mnc|mcc|navigation|orientation|screenLayout|screenSize|smallestScreenSize|uiMode|touchscreen"
105-->[com.unity3d.ads:unity-ads:4.12.5] AndroidManifest.xml:35:13-170
106            android:exported="false"
106-->[com.unity3d.ads:unity-ads:4.12.5] AndroidManifest.xml:36:13-37
107            android:hardwareAccelerated="false"
107-->[com.unity3d.ads:unity-ads:4.12.5] AndroidManifest.xml:37:13-48
108            android:theme="@android:style/Theme.NoTitleBar.Fullscreen" />
108-->[com.unity3d.ads:unity-ads:4.12.5] AndroidManifest.xml:38:13-71
109        <activity
109-->[com.unity3d.ads:unity-ads:4.12.5] AndroidManifest.xml:39:9-44:74
110            android:name="com.unity3d.ads.adplayer.FullScreenWebViewDisplay"
110-->[com.unity3d.ads:unity-ads:4.12.5] AndroidManifest.xml:40:13-77
111            android:configChanges="fontScale|keyboard|keyboardHidden|locale|mnc|mcc|navigation|orientation|screenLayout|screenSize|smallestScreenSize|uiMode|touchscreen"
111-->[com.unity3d.ads:unity-ads:4.12.5] AndroidManifest.xml:41:13-170
112            android:exported="false"
112-->[com.unity3d.ads:unity-ads:4.12.5] AndroidManifest.xml:42:13-37
113            android:hardwareAccelerated="true"
113-->[com.unity3d.ads:unity-ads:4.12.5] AndroidManifest.xml:43:13-47
114            android:theme="@android:style/Theme.NoTitleBar.Fullscreen" />
114-->[com.unity3d.ads:unity-ads:4.12.5] AndroidManifest.xml:44:13-71
115
116        <provider
116-->[com.unity3d.ads:unity-ads:4.12.5] AndroidManifest.xml:46:9-56:20
117            android:name="androidx.startup.InitializationProvider"
117-->[com.unity3d.ads:unity-ads:4.12.5] AndroidManifest.xml:47:13-67
118            android:authorities="com.example.myempty.protask.androidx-startup"
118-->[com.unity3d.ads:unity-ads:4.12.5] AndroidManifest.xml:48:13-68
119            android:exported="false" >
119-->[androidx.emoji2:emoji2:1.3.0] AndroidManifest.xml:27:13-37
120            <meta-data
120-->[com.unity3d.ads:unity-ads:4.12.5] AndroidManifest.xml:50:13-52:52
121                android:name="androidx.lifecycle.ProcessLifecycleInitializer"
121-->[com.unity3d.ads:unity-ads:4.12.5] AndroidManifest.xml:51:17-78
122                android:value="androidx.startup" />
122-->[com.unity3d.ads:unity-ads:4.12.5] AndroidManifest.xml:52:17-49
123            <meta-data
123-->[com.unity3d.ads:unity-ads:4.12.5] AndroidManifest.xml:53:13-55:52
124                android:name="com.unity3d.services.core.configuration.AdsSdkInitializer"
124-->[com.unity3d.ads:unity-ads:4.12.5] AndroidManifest.xml:54:17-89
125                android:value="androidx.startup" />
125-->[com.unity3d.ads:unity-ads:4.12.5] AndroidManifest.xml:55:17-49
126            <meta-data
126-->[androidx.emoji2:emoji2:1.3.0] AndroidManifest.xml:29:13-31:52
127                android:name="androidx.emoji2.text.EmojiCompatInitializer"
127-->[androidx.emoji2:emoji2:1.3.0] AndroidManifest.xml:30:17-75
128                android:value="androidx.startup" />
128-->[androidx.emoji2:emoji2:1.3.0] AndroidManifest.xml:31:17-49
129            <meta-data
129-->[androidx.work:work-runtime:2.7.0] AndroidManifest.xml:36:13-38:52
130                android:name="androidx.work.WorkManagerInitializer"
130-->[androidx.work:work-runtime:2.7.0] AndroidManifest.xml:37:17-68
131                android:value="androidx.startup" />
131-->[androidx.work:work-runtime:2.7.0] AndroidManifest.xml:38:17-49
132            <meta-data
132-->[androidx.profileinstaller:profileinstaller:1.4.0] AndroidManifest.xml:29:13-31:52
133                android:name="androidx.profileinstaller.ProfileInstallerInitializer"
133-->[androidx.profileinstaller:profileinstaller:1.4.0] AndroidManifest.xml:30:17-85
134                android:value="androidx.startup" />
134-->[androidx.profileinstaller:profileinstaller:1.4.0] AndroidManifest.xml:31:17-49
135        </provider>
136
137        <activity
137-->[com.google.firebase:firebase-auth:24.0.1] AndroidManifest.xml:29:9-46:20
138            android:name="com.google.firebase.auth.internal.GenericIdpActivity"
138-->[com.google.firebase:firebase-auth:24.0.1] AndroidManifest.xml:30:13-80
139            android:excludeFromRecents="true"
139-->[com.google.firebase:firebase-auth:24.0.1] AndroidManifest.xml:31:13-46
140            android:exported="true"
140-->[com.google.firebase:firebase-auth:24.0.1] AndroidManifest.xml:32:13-36
141            android:launchMode="singleTask"
141-->[com.google.firebase:firebase-auth:24.0.1] AndroidManifest.xml:33:13-44
142            android:theme="@android:style/Theme.Translucent.NoTitleBar" >
142-->[com.google.firebase:firebase-auth:24.0.1] AndroidManifest.xml:34:13-72
143            <intent-filter>
143-->[com.google.firebase:firebase-auth:24.0.1] AndroidManifest.xml:35:13-45:29
144                <action android:name="android.intent.action.VIEW" />
144-->[com.google.firebase:firebase-auth:24.0.1] AndroidManifest.xml:36:17-69
144-->[com.google.firebase:firebase-auth:24.0.1] AndroidManifest.xml:36:25-66
145
146                <category android:name="android.intent.category.DEFAULT" />
146-->[com.google.firebase:firebase-auth:24.0.1] AndroidManifest.xml:38:17-76
146-->[com.google.firebase:firebase-auth:24.0.1] AndroidManifest.xml:38:27-73
147                <category android:name="android.intent.category.BROWSABLE" />
147-->[com.google.firebase:firebase-auth:24.0.1] AndroidManifest.xml:39:17-78
147-->[com.google.firebase:firebase-auth:24.0.1] AndroidManifest.xml:39:27-75
148
149                <data
149-->[com.google.firebase:firebase-auth:24.0.1] AndroidManifest.xml:41:17-44:51
150                    android:host="firebase.auth"
150-->[com.google.firebase:firebase-auth:24.0.1] AndroidManifest.xml:42:21-49
151                    android:path="/"
151-->[com.google.firebase:firebase-auth:24.0.1] AndroidManifest.xml:43:21-37
152                    android:scheme="genericidp" />
152-->[com.google.firebase:firebase-auth:24.0.1] AndroidManifest.xml:44:21-48
153            </intent-filter>
154        </activity>
155        <activity
155-->[com.google.firebase:firebase-auth:24.0.1] AndroidManifest.xml:47:9-64:20
156            android:name="com.google.firebase.auth.internal.RecaptchaActivity"
156-->[com.google.firebase:firebase-auth:24.0.1] AndroidManifest.xml:48:13-79
157            android:excludeFromRecents="true"
157-->[com.google.firebase:firebase-auth:24.0.1] AndroidManifest.xml:49:13-46
158            android:exported="true"
158-->[com.google.firebase:firebase-auth:24.0.1] AndroidManifest.xml:50:13-36
159            android:launchMode="singleTask"
159-->[com.google.firebase:firebase-auth:24.0.1] AndroidManifest.xml:51:13-44
160            android:theme="@android:style/Theme.Translucent.NoTitleBar" >
160-->[com.google.firebase:firebase-auth:24.0.1] AndroidManifest.xml:52:13-72
161            <intent-filter>
161-->[com.google.firebase:firebase-auth:24.0.1] AndroidManifest.xml:53:13-63:29
162                <action android:name="android.intent.action.VIEW" />
162-->[com.google.firebase:firebase-auth:24.0.1] AndroidManifest.xml:36:17-69
162-->[com.google.firebase:firebase-auth:24.0.1] AndroidManifest.xml:36:25-66
163
164                <category android:name="android.intent.category.DEFAULT" />
164-->[com.google.firebase:firebase-auth:24.0.1] AndroidManifest.xml:38:17-76
164-->[com.google.firebase:firebase-auth:24.0.1] AndroidManifest.xml:38:27-73
165                <category android:name="android.intent.category.BROWSABLE" />
165-->[com.google.firebase:firebase-auth:24.0.1] AndroidManifest.xml:39:17-78
165-->[com.google.firebase:firebase-auth:24.0.1] AndroidManifest.xml:39:27-75
166
167                <data
167-->[com.google.firebase:firebase-auth:24.0.1] AndroidManifest.xml:41:17-44:51
168                    android:host="firebase.auth"
168-->[com.google.firebase:firebase-auth:24.0.1] AndroidManifest.xml:42:21-49
169                    android:path="/"
169-->[com.google.firebase:firebase-auth:24.0.1] AndroidManifest.xml:43:21-37
170                    android:scheme="recaptcha" />
170-->[com.google.firebase:firebase-auth:24.0.1] AndroidManifest.xml:44:21-48
171            </intent-filter>
172        </activity>
173
174        <service
174-->[com.google.firebase:firebase-auth:24.0.1] AndroidManifest.xml:66:9-72:19
175            android:name="com.google.firebase.components.ComponentDiscoveryService"
175-->[com.google.firebase:firebase-auth:24.0.1] AndroidManifest.xml:67:13-84
176            android:directBootAware="true"
176-->[com.google.firebase:firebase-common:22.0.1] AndroidManifest.xml:32:13-43
177            android:exported="false" >
177-->[com.google.firebase:firebase-auth:24.0.1] AndroidManifest.xml:68:13-37
178            <meta-data
178-->[com.google.firebase:firebase-auth:24.0.1] AndroidManifest.xml:69:13-71:85
179                android:name="com.google.firebase.components:com.google.firebase.auth.FirebaseAuthRegistrar"
179-->[com.google.firebase:firebase-auth:24.0.1] AndroidManifest.xml:70:17-109
180                android:value="com.google.firebase.components.ComponentRegistrar" />
180-->[com.google.firebase:firebase-auth:24.0.1] AndroidManifest.xml:71:17-82
181            <meta-data
181-->[com.google.firebase:firebase-database:22.0.1] AndroidManifest.xml:29:13-31:85
182                android:name="com.google.firebase.components:com.google.firebase.database.FirebaseDatabaseKtxRegistrar"
182-->[com.google.firebase:firebase-database:22.0.1] AndroidManifest.xml:30:17-120
183                android:value="com.google.firebase.components.ComponentRegistrar" />
183-->[com.google.firebase:firebase-database:22.0.1] AndroidManifest.xml:31:17-82
184            <meta-data
184-->[com.google.firebase:firebase-database:22.0.1] AndroidManifest.xml:32:13-34:85
185                android:name="com.google.firebase.components:com.google.firebase.database.DatabaseRegistrar"
185-->[com.google.firebase:firebase-database:22.0.1] AndroidManifest.xml:33:17-109
186                android:value="com.google.firebase.components.ComponentRegistrar" />
186-->[com.google.firebase:firebase-database:22.0.1] AndroidManifest.xml:34:17-82
187            <meta-data
187-->[com.google.firebase:firebase-common:22.0.1] AndroidManifest.xml:35:13-37:85
188                android:name="com.google.firebase.components:com.google.firebase.FirebaseCommonKtxRegistrar"
188-->[com.google.firebase:firebase-common:22.0.1] AndroidManifest.xml:36:17-109
189                android:value="com.google.firebase.components.ComponentRegistrar" />
189-->[com.google.firebase:firebase-common:22.0.1] AndroidManifest.xml:37:17-82
190        </service>
191        <service
191-->[androidx.credentials:credentials-play-services-auth:1.2.0-rc01] AndroidManifest.xml:24:9-32:19
192            android:name="androidx.credentials.playservices.CredentialProviderMetadataHolder"
192-->[androidx.credentials:credentials-play-services-auth:1.2.0-rc01] AndroidManifest.xml:25:13-94
193            android:enabled="true"
193-->[androidx.credentials:credentials-play-services-auth:1.2.0-rc01] AndroidManifest.xml:26:13-35
194            android:exported="false" >
194-->[androidx.credentials:credentials-play-services-auth:1.2.0-rc01] AndroidManifest.xml:27:13-37
195            <meta-data
195-->[androidx.credentials:credentials-play-services-auth:1.2.0-rc01] AndroidManifest.xml:29:13-31:104
196                android:name="androidx.credentials.CREDENTIAL_PROVIDER_KEY"
196-->[androidx.credentials:credentials-play-services-auth:1.2.0-rc01] AndroidManifest.xml:30:17-76
197                android:value="androidx.credentials.playservices.CredentialProviderPlayServicesImpl" />
197-->[androidx.credentials:credentials-play-services-auth:1.2.0-rc01] AndroidManifest.xml:31:17-101
198        </service>
199
200        <activity
200-->[androidx.credentials:credentials-play-services-auth:1.2.0-rc01] AndroidManifest.xml:34:9-41:20
201            android:name="androidx.credentials.playservices.HiddenActivity"
201-->[androidx.credentials:credentials-play-services-auth:1.2.0-rc01] AndroidManifest.xml:35:13-76
202            android:configChanges="orientation|screenSize|screenLayout|keyboardHidden"
202-->[androidx.credentials:credentials-play-services-auth:1.2.0-rc01] AndroidManifest.xml:36:13-87
203            android:enabled="true"
203-->[androidx.credentials:credentials-play-services-auth:1.2.0-rc01] AndroidManifest.xml:37:13-35
204            android:exported="false"
204-->[androidx.credentials:credentials-play-services-auth:1.2.0-rc01] AndroidManifest.xml:38:13-37
205            android:fitsSystemWindows="true"
205-->[androidx.credentials:credentials-play-services-auth:1.2.0-rc01] AndroidManifest.xml:39:13-45
206            android:theme="@style/Theme.Hidden" >
206-->[androidx.credentials:credentials-play-services-auth:1.2.0-rc01] AndroidManifest.xml:40:13-48
207        </activity>
208        <activity
208-->[com.google.android.gms:play-services-auth:21.4.0] AndroidManifest.xml:23:9-27:75
209            android:name="com.google.android.gms.auth.api.signin.internal.SignInHubActivity"
209-->[com.google.android.gms:play-services-auth:21.4.0] AndroidManifest.xml:24:13-93
210            android:excludeFromRecents="true"
210-->[com.google.android.gms:play-services-auth:21.4.0] AndroidManifest.xml:25:13-46
211            android:exported="false"
211-->[com.google.android.gms:play-services-auth:21.4.0] AndroidManifest.xml:26:13-37
212            android:theme="@android:style/Theme.Translucent.NoTitleBar" />
212-->[com.google.android.gms:play-services-auth:21.4.0] AndroidManifest.xml:27:13-72
213        <!--
214            Service handling Google Sign-In user revocation. For apps that do not integrate with
215            Google Sign-In, this service will never be started.
216        -->
217        <service
217-->[com.google.android.gms:play-services-auth:21.4.0] AndroidManifest.xml:33:9-37:51
218            android:name="com.google.android.gms.auth.api.signin.RevocationBoundService"
218-->[com.google.android.gms:play-services-auth:21.4.0] AndroidManifest.xml:34:13-89
219            android:exported="true"
219-->[com.google.android.gms:play-services-auth:21.4.0] AndroidManifest.xml:35:13-36
220            android:permission="com.google.android.gms.auth.api.signin.permission.REVOCATION_NOTIFICATION"
220-->[com.google.android.gms:play-services-auth:21.4.0] AndroidManifest.xml:36:13-107
221            android:visibleToInstantApps="true" />
221-->[com.google.android.gms:play-services-auth:21.4.0] AndroidManifest.xml:37:13-48
222
223        <activity
223-->[com.google.android.gms:play-services-base:18.5.0] AndroidManifest.xml:5:9-173
224            android:name="com.google.android.gms.common.api.GoogleApiActivity"
224-->[com.google.android.gms:play-services-base:18.5.0] AndroidManifest.xml:5:19-85
225            android:exported="false"
225-->[com.google.android.gms:play-services-base:18.5.0] AndroidManifest.xml:5:146-170
226            android:theme="@android:style/Theme.Translucent.NoTitleBar" />
226-->[com.google.android.gms:play-services-base:18.5.0] AndroidManifest.xml:5:86-145
227
228        <provider
228-->[com.google.firebase:firebase-common:22.0.1] AndroidManifest.xml:23:9-28:39
229            android:name="com.google.firebase.provider.FirebaseInitProvider"
229-->[com.google.firebase:firebase-common:22.0.1] AndroidManifest.xml:24:13-77
230            android:authorities="com.example.myempty.protask.firebaseinitprovider"
230-->[com.google.firebase:firebase-common:22.0.1] AndroidManifest.xml:25:13-72
231            android:directBootAware="true"
231-->[com.google.firebase:firebase-common:22.0.1] AndroidManifest.xml:26:13-43
232            android:exported="false"
232-->[com.google.firebase:firebase-common:22.0.1] AndroidManifest.xml:27:13-37
233            android:initOrder="100" />
233-->[com.google.firebase:firebase-common:22.0.1] AndroidManifest.xml:28:13-36
234
235        <uses-library
235-->[androidx.privacysandbox.ads:ads-adservices:1.0.0-beta05] AndroidManifest.xml:23:9-25:40
236            android:name="android.ext.adservices"
236-->[androidx.privacysandbox.ads:ads-adservices:1.0.0-beta05] AndroidManifest.xml:24:13-50
237            android:required="false" /> <!-- Include the AdActivity and InAppPurchaseActivity configChanges and themes. -->
237-->[androidx.privacysandbox.ads:ads-adservices:1.0.0-beta05] AndroidManifest.xml:25:13-37
238        <activity
238-->[com.google.android.gms:play-services-ads-lite:23.0.0] AndroidManifest.xml:56:9-61:43
239            android:name="com.google.android.gms.ads.AdActivity"
239-->[com.google.android.gms:play-services-ads-lite:23.0.0] AndroidManifest.xml:57:13-65
240            android:configChanges="keyboard|keyboardHidden|orientation|screenLayout|uiMode|screenSize|smallestScreenSize"
240-->[com.google.android.gms:play-services-ads-lite:23.0.0] AndroidManifest.xml:58:13-122
241            android:exported="false"
241-->[com.google.android.gms:play-services-ads-lite:23.0.0] AndroidManifest.xml:59:13-37
242            android:theme="@android:style/Theme.Translucent" />
242-->[com.google.android.gms:play-services-ads-lite:23.0.0] AndroidManifest.xml:60:13-61
243
244        <provider
244-->[com.google.android.gms:play-services-ads-lite:23.0.0] AndroidManifest.xml:63:9-68:43
245            android:name="com.google.android.gms.ads.MobileAdsInitProvider"
245-->[com.google.android.gms:play-services-ads-lite:23.0.0] AndroidManifest.xml:64:13-76
246            android:authorities="com.example.myempty.protask.mobileadsinitprovider"
246-->[com.google.android.gms:play-services-ads-lite:23.0.0] AndroidManifest.xml:65:13-73
247            android:exported="false"
247-->[com.google.android.gms:play-services-ads-lite:23.0.0] AndroidManifest.xml:66:13-37
248            android:initOrder="100" />
248-->[com.google.android.gms:play-services-ads-lite:23.0.0] AndroidManifest.xml:67:13-36
249
250        <service
250-->[com.google.android.gms:play-services-ads-lite:23.0.0] AndroidManifest.xml:70:9-74:43
251            android:name="com.google.android.gms.ads.AdService"
251-->[com.google.android.gms:play-services-ads-lite:23.0.0] AndroidManifest.xml:71:13-64
252            android:enabled="true"
252-->[com.google.android.gms:play-services-ads-lite:23.0.0] AndroidManifest.xml:72:13-35
253            android:exported="false" />
253-->[com.google.android.gms:play-services-ads-lite:23.0.0] AndroidManifest.xml:73:13-37
254
255        <activity